#
# A fatal error has been detected by the Java Runtime Environment:
#
#  Internal Error (sharedRuntime.cpp:532), pid=70953, tid=9731
#  Error: ShouldNotReachHere()
#
# JRE version: OpenJDK Runtime Environment Zulu16.28+11-CA (16.0+36) (build 16+36)
# Java VM: OpenJDK 64-Bit Server VM Zulu16.28+11-CA (16+36, mixed mode, tiered, compressed oops, g1 gc, bsd-aarch64)
# No core dump will be written. Core dumps have been disabled. To enable core dumping, try "ulimit -c unlimited" before starting Java again
#
# If you would like to submit a bug report, please visit:
#   http://www.azulsystems.com/support/
#

---------------  S U M M A R Y ------------

Command Line: -Dapplication.home=/Library/Java/JavaVirtualMachines/zulu-16.jdk/Contents/Home -Xms8m -Djdk.module.main=java.base java.base/sun.security.tools.keytool.Main -genkey -v -keystore /Users/julienlebren/upload-keystore.jks -keyalg RSA -keysize 2048 -validity 10000 -alias upload

Host: MacBookPro17,1 arm64 1 MHz, 8 cores, 16G, Darwin 20.6.0, macOS 11.5.1 (20G80)
Time: Fri Oct 15 10:07:02 2021 CEST elapsed time: 0.139225 seconds (0d 0h 0m 0s)

---------------  T H R E A D  ---------------

Current thread (0x000000013681f000):  JavaThread "main" [_thread_in_Java, id=9731, stack(0x000000016db78000,0x000000016dd7b000)]

Stack: [0x000000016db78000,0x000000016dd7b000],  sp=0x000000016dd79cb0,  free space=2055k
Native frames: (J=compiled Java code, A=aot compiled Java code, j=interpreted, Vv=VM code, C=native code)
V  [libjvm.dylib+0x9abf04]  VMError::report_and_die(int, char const*, char const*, char*, Thread*, unsigned char*, void*, void*, char const*, int, unsigned long)+0x46c
V  [libjvm.dylib+0x9ac658]  VMError::report_and_die(Thread*, void*, char const*, int, char const*, char const*, char*)+0x40
V  [libjvm.dylib+0x2a9dd0]  report_vm_error(char const*, int, char const*, char const*, ...)+0x5c
V  [libjvm.dylib+0x2a9fa4]  report_should_not_reach_here(char const*, int)+0x2c
V  [libjvm.dylib+0x81388c]  SharedRuntime::raw_exception_handler_for_return_address(JavaThread*, unsigned char*)+0x178
V  [libjvm.dylib+0x813930]  SharedRuntime::exception_handler_for_return_address(JavaThread*, unsigned char*)+0x28
v  ~StubRoutines::forward exception
j  java.lang.Class.forName(Ljava/lang/String;ZLjava/lang/ClassLoader;)Ljava/lang/Class;+43 java.base@16
j  java.util.ResourceBundle$3.run()Ljava/lang/Class;+9 java.base@16
j  java.util.ResourceBundle$3.run()Ljava/lang/Object;+1 java.base@16
j  java.security.AccessController.executePrivileged(Ljava/security/PrivilegedAction;Ljava/security/AccessControlContext;Ljava/lang/Class;)Ljava/lang/Object;+29 java.base@16
j  java.security.AccessController.doPrivileged(Ljava/security/PrivilegedAction;)Ljava/lang/Object;+5 java.base@16
j  java.util.ResourceBundle.getResourceBundleProviderType(Ljava/lang/String;Ljava/lang/ClassLoader;)Ljava/lang/Class;+85 java.base@16
j  java.util.ResourceBundle.getServiceLoader(Ljava/lang/Module;Ljava/lang/String;)Ljava/util/ServiceLoader;+16 java.base@16
j  java.util.ResourceBundle$CacheKey.getProviders()Ljava/util/ServiceLoader;+16 java.base@16
j  java.util.ResourceBundle$CacheKey.hasProviders()Z+1 java.base@16
j  java.util.ResourceBundle.loadBundle(Ljava/util/ResourceBundle$CacheKey;Ljava/util/List;Ljava/util/ResourceBundle$Control;Ljava/lang/Module;Ljava/lang/Module;)Ljava/util/ResourceBundle;+16 java.base@16
j  java.util.ResourceBundle.findBundle(Ljava/lang/Module;Ljava/lang/Module;Ljava/util/ResourceBundle$CacheKey;Ljava/util/List;Ljava/util/List;ILjava/util/ResourceBundle$Control;Ljava/util/ResourceBundle;)Ljava/util/ResourceBundle;+249 java.base@16
j  java.util.ResourceBundle.findBundle(Ljava/lang/Module;Ljava/lang/Module;Ljava/util/ResourceBundle$CacheKey;Ljava/util/List;Ljava/util/List;ILjava/util/ResourceBundle$Control;Ljava/util/ResourceBundle;)Ljava/util/ResourceBundle;+43 java.base@16
j  java.util.ResourceBundle.findBundle(Ljava/lang/Module;Ljava/lang/Module;Ljava/util/ResourceBundle$CacheKey;Ljava/util/List;Ljava/util/List;ILjava/util/ResourceBundle$Control;Ljava/util/ResourceBundle;)Ljava/util/ResourceBundle;+43 java.base@16
j  java.util.ResourceBundle.getBundleImpl(Ljava/lang/Module;Ljava/lang/Module;Ljava/lang/String;Ljava/util/Locale;Ljava/util/ResourceBundle$Control;)Ljava/util/ResourceBundle;+196 java.base@16
j  java.util.ResourceBundle.getBundleImpl(Ljava/lang/String;Ljava/util/Locale;Ljava/lang/Class;Ljava/lang/ClassLoader;Ljava/util/ResourceBundle$Control;)Ljava/util/ResourceBundle;+45 java.base@16
j  java.util.ResourceBundle.getBundleImpl(Ljava/lang/String;Ljava/util/Locale;Ljava/lang/Class;Ljava/util/ResourceBundle$Control;)Ljava/util/ResourceBundle;+8 java.base@16
j  java.util.ResourceBundle.getBundle(Ljava/lang/String;)Ljava/util/ResourceBundle;+14 java.base@16
j  sun.security.tools.keytool.Main.<clinit>()V+93 java.base@16
v  ~StubRoutines::call_stub
V  [libjvm.dylib+0x43f718]  JavaCalls::call_helper(JavaValue*, methodHandle const&, JavaCallArguments*, Thread*)+0x30c
V  [libjvm.dylib+0x4210c0]  InstanceKlass::call_class_initializer(Thread*)+0x1e8
V  [libjvm.dylib+0x4207ec]  InstanceKlass::initialize_impl(Thread*)+0x57c
V  [libjvm.dylib+0x4999e4]  get_method_id(JNIEnv_*, _jclass*, char const*, char const*, bool, Thread*)+0x160
V  [libjvm.dylib+0x499d54]  jni_GetStaticMethodID+0x104
C  [libjli.dylib+0x53f8]  JavaMain+0x99c
C  [libjli.dylib+0x778c]  ThreadJavaMain+0xc
C  [libsystem_pthread.dylib+0x7878]  _pthread_start+0x140


---------------  P R O C E S S  ---------------

Threads class SMR info:
_java_thread_list=0x000000013677cb70, length=11, elements={
0x000000013681f000, 0x0000000136813c00, 0x0000000137008c00, 0x0000000136814200,
0x0000000136831200, 0x0000000136816a00, 0x0000000136831800, 0x0000000136831e00,
0x0000000140062200, 0x000000013701a000, 0x000000013701ac00
}

Java Threads: ( => current thread )
=>0x000000013681f000 JavaThread "main" [_thread_in_Java, id=9731, stack(0x000000016db78000,0x000000016dd7b000)]
  0x0000000136813c00 JavaThread "Reference Handler" daemon [_thread_blocked, id=17667, stack(0x000000016e9cc000,0x000000016ebcf000)]
  0x0000000137008c00 JavaThread "Finalizer" daemon [_thread_blocked, id=17411, stack(0x000000016ebd8000,0x000000016eddb000)]
  0x0000000136814200 JavaThread "Signal Dispatcher" daemon [_thread_blocked, id=22787, stack(0x000000016eefc000,0x000000016f0ff000)]
  0x0000000136831200 JavaThread "Service Thread" daemon [_thread_blocked, id=42755, stack(0x000000016f108000,0x000000016f30b000)]
  0x0000000136816a00 JavaThread "Monitor Deflation Thread" daemon [_thread_blocked, id=42243, stack(0x000000016f314000,0x000000016f517000)]
  0x0000000136831800 JavaThread "C2 CompilerThread0" daemon [_thread_blocked, id=41731, stack(0x000000016f520000,0x000000016f723000)]
  0x0000000136831e00 JavaThread "C1 CompilerThread0" daemon [_thread_blocked, id=23043, stack(0x000000016f72c000,0x000000016f92f000)]
  0x0000000140062200 JavaThread "Sweeper thread" daemon [_thread_blocked, id=23555, stack(0x000000016f938000,0x000000016fb3b000)]
  0x000000013701a000 JavaThread "Notification Thread" daemon [_thread_blocked, id=24067, stack(0x000000016fb44000,0x000000016fd47000)]
  0x000000013701ac00 JavaThread "Common-Cleaner" daemon [_thread_blocked, id=24579, stack(0x000000016ff5c000,0x000000017015f000)]

Other Threads:
  0x00000001367200b0 VMThread "VM Thread" [stack: 0x000000016e7c0000,0x000000016e9c3000] [id=15107]
  0x000000013676f940 WatcherThread [stack: 0x000000016fd50000,0x000000016ff53000] [id=40963]
  0x000000013780ae40 GCTaskThread "GC Thread#0" [stack: 0x000000016dd84000,0x000000016df87000] [id=19715]
  0x000000013780bdc0 ConcurrentGCThread "G1 Main Marker" [stack: 0x000000016df90000,0x000000016e193000] [id=19459]
  0x0000000126604110 ConcurrentGCThread "G1 Conc#0" [stack: 0x000000016e19c000,0x000000016e39f000] [id=18947]
  0x00000001266075a0 ConcurrentGCThread "G1 Refine#0" [stack: 0x000000016e3a8000,0x000000016e5ab000] [id=13571]
  0x000000013780cd70 ConcurrentGCThread "G1 Service" [stack: 0x000000016e5b4000,0x000000016e7b7000] [id=13827]

Threads with active compile tasks:

VM state: not at safepoint (normal execution)

VM Mutex/Monitor currently owned by a thread: None

Heap address: 0x00000006c0000000, size: 4096 MB, Compressed Oops mode: Zero based, Oop shift amount: 3
Compressed class space mapped at: 0x0000000300000000-0x0000000340000000, reserved size: 1073741824
Narrow klass base: 0x0000000000000000, Narrow klass shift: 3, Narrow klass range: 0x340000000

GC Precious Log:
 CPUs: 8 total, 8 available
 Memory: 16384M
 Large Page Support: Disabled
 NUMA Support: Disabled
 Compressed Oops: Enabled (Zero based)
 Heap Region Size: 2M
 Heap Min Capacity: 8M
 Heap Initial Capacity: 8M
 Heap Max Capacity: 4G
 Pre-touch: Disabled
 Parallel Workers: 8
 Concurrent Workers: 2
 Concurrent Refinement Workers: 8
 Periodic GC: Disabled

Heap:
 garbage-first heap   total 8192K, used 0K [0x00000006c0000000, 0x00000007c0000000)
  region size 2048K, 1 young (2048K), 0 survivors (0K)
 Metaspace       used 5154K, committed 5376K, reserved 1056768K
  class space    used 403K, committed 512K, reserved 1048576K

Heap Regions: E=young(eden), S=young(survivor), O=old, HS=humongous(starts), HC=humongous(continues), CS=collection set, F=free, OA=open archive, CA=closed archive, TAMS=top-at-mark-start (previous, next)
|   0|0x00000006c0000000, 0x00000006c0000000, 0x00000006c0200000|  0%| F|  |TAMS 0x00000006c0000000, 0x00000006c0000000| Untracked 
|   1|0x00000006c0200000, 0x00000006c0200000, 0x00000006c0400000|  0%| F|  |TAMS 0x00000006c0200000, 0x00000006c0200000| Untracked 
|   2|0x00000006c0400000, 0x00000006c0400000, 0x00000006c0600000|  0%| F|  |TAMS 0x00000006c0400000, 0x00000006c0400000| Untracked 
|   3|0x00000006c0600000, 0x00000006c077b5d8, 0x00000006c0800000| 74%| E|  |TAMS 0x00000006c0600000, 0x00000006c0600000| Complete 

Card table byte_map: [0x000000011f768000,0x000000011ff68000] _byte_map_base: 0x000000011c168000

Marking Bits (Prev, Next): (CMBitMap*) 0x0000000140028e10, (CMBitMap*) 0x0000000140028e50
 Prev Bits: [0x0000000120768000, 0x0000000124768000)
 Next Bits: [0x0000000130000000, 0x0000000134000000)

Polling page: 0x00000001023a4000

Metaspace:

Usage:
  Non-class:      4,64 MB used.
      Class:    403,94 KB used.
       Both:      5,03 MB used.

Virtual space:
  Non-class space:        8,00 MB reserved,       4,75 MB ( 59%) committed,  1 nodes.
      Class space:        1,00 GB reserved,     512,00 KB ( <1%) committed,  1 nodes.
              Both:        1,01 GB reserved,       5,25 MB ( <1%) committed. 

Chunk freelists:
   Non-Class:  2,99 MB
       Class:  3,55 MB
        Both:  6,54 MB

MaxMetaspaceSize: 17179869184,00 GB
CompressedClassSpaceSize: 1,00 GB
 - commit_granule_bytes: 65536.
 - commit_granule_words: 8192.
 - virtual_space_node_default_size: 1048576.
 - enlarge_chunks_in_place: 1.
 - new_chunks_are_fully_committed: 0.
 - uncommit_free_chunks: 1.
 - use_allocation_guard: 0.
 - handle_deallocations: 1.


Internal statistics:

num_allocs_failed_limit: 0.
num_arena_births: 16.
num_arena_deaths: 0.
num_vsnodes_births: 2.
num_vsnodes_deaths: 0.
num_space_committed: 84.
num_space_uncommitted: 0.
num_chunks_returned_to_freelist: 0.
num_chunks_taken_from_freelist: 20.
num_chunk_merges: 0.
num_chunk_splits: 12.
num_chunks_enlarged: 7.
num_purges: 0.

CodeHeap 'non-profiled nmethods': size=120032Kb used=37Kb max_used=37Kb free=119994Kb
 bounds [0x0000000117a30000, 0x0000000117ca0000, 0x000000011ef68000]
CodeHeap 'profiled nmethods': size=120016Kb used=251Kb max_used=251Kb free=119764Kb
 bounds [0x00000001104fc000, 0x000000011076c000, 0x0000000117a30000]
CodeHeap 'non-nmethods': size=5712Kb used=1028Kb max_used=1028Kb free=4683Kb
 bounds [0x000000010ff68000, 0x00000001101d8000, 0x00000001104fc000]
 total_blobs=464 nmethods=150 adapters=231
 compilation: enabled
              stopped_count=0, restarted_count=0
 full_count=0

Compilation events (20 events):
Event: 0,137 Thread 0x0000000136831e00  139       3       java.lang.AbstractStringBuilder::putStringAt (12 bytes)
Event: 0,137 Thread 0x0000000136831e00 nmethod 139 0x0000000110536810 code [0x0000000110536a00, 0x0000000110536cd8]
Event: 0,137 Thread 0x0000000136831e00  140       3       jdk.internal.org.objectweb.asm.SymbolTable::hash (10 bytes)
Event: 0,137 Thread 0x0000000136831e00 nmethod 140 0x0000000110536e90 code [0x0000000110537040, 0x0000000110537198]
Event: 0,138 Thread 0x0000000136831e00  142       3       jdk.internal.org.objectweb.asm.Symbol::<init> (38 bytes)
Event: 0,138 Thread 0x0000000136831e00 nmethod 142 0x0000000110537290 code [0x0000000110537440, 0x00000001105376e8]
Event: 0,138 Thread 0x0000000136831e00  143       3       jdk.internal.org.objectweb.asm.SymbolTable::put (150 bytes)
Event: 0,138 Thread 0x0000000136831e00 nmethod 143 0x0000000110537810 code [0x0000000110537a00, 0x0000000110538328]
Event: 0,138 Thread 0x0000000136831e00  146       3       java.lang.invoke.MemberName::testFlags (16 bytes)
Event: 0,138 Thread 0x0000000136831e00 nmethod 146 0x0000000110538610 code [0x00000001105387c0, 0x0000000110538968]
Event: 0,138 Thread 0x0000000136831e00  147       3       jdk.internal.org.objectweb.asm.SymbolTable$Entry::<init> (17 bytes)
Event: 0,138 Thread 0x0000000136831e00 nmethod 147 0x0000000110538a10 code [0x0000000110538bc0, 0x0000000110538d98]
Event: 0,138 Thread 0x0000000136831e00  149       3       jdk.internal.org.objectweb.asm.ByteVector::putShort (52 bytes)
Event: 0,138 Thread 0x0000000136831e00 nmethod 149 0x0000000110538e90 code [0x0000000110539040, 0x0000000110539298]
Event: 0,138 Thread 0x0000000136831e00  148       3       jdk.internal.org.objectweb.asm.ByteVector::putByte (39 bytes)
Event: 0,138 Thread 0x0000000136831e00 nmethod 148 0x0000000110539410 code [0x00000001105395c0, 0x0000000110539818]
Event: 0,138 Thread 0x0000000136831e00  151       3       jdk.internal.org.objectweb.asm.SymbolTable::addConstantUtf8 (98 bytes)
Event: 0,139 Thread 0x0000000136831e00 nmethod 151 0x0000000110539910 code [0x0000000110539b80, 0x000000011053a248]
Event: 0,139 Thread 0x0000000136831e00  150       3       java.lang.AbstractStringBuilder::append (45 bytes)
Event: 0,139 Thread 0x0000000136831e00 nmethod 150 0x000000011053a590 code [0x000000011053a780, 0x000000011053ab78]

GC Heap History (0 events):
No events

Deoptimization events (4 events):
Event: 0,118 Thread 0x000000013681f000 Uncommon trap: trap_request=0xffffff45 fr.pc=0x0000000117a3304c relative=0x000000000000018c
Event: 0,118 Thread 0x000000013681f000 Uncommon trap: reason=unstable_if action=reinterpret pc=0x0000000117a3304c method=java.lang.String.hashCode()I @ 42 c2
Event: 0,118 Thread 0x000000013681f000 DEOPT PACKING pc=0x0000000117a3304c sp=0x000000016dd79c00
Event: 0,118 Thread 0x000000013681f000 DEOPT UNPACKING pc=0x000000010ffa1d9c sp=0x000000016dd79b90 mode 2

Classes unloaded (0 events):
No events

Classes redefined (0 events):
No events

Internal exceptions (6 events):
Event: 0,135 Thread 0x000000013681f000 Exception <a 'java/lang/NoSuchMethodError'{0x00000006c0752598}: 'java.lang.Object java.lang.invoke.DirectMethodHandle$Holder.invokeSpecial(java.lang.Object, java.lang.Object)'> (0x00000006c0752598) 
thrown [src/hotspot/share/interpreter/linkResolver.cpp, line 790]
Event: 0,136 Thread 0x000000013681f000 Exception <a 'java/lang/NoSuchMethodError'{0x00000006c075bad8}: 'java.lang.Object java.lang.invoke.Invokers$Holder.invokeExact_MT(java.lang.Object, java.lang.Object, java.lang.Object, java.lang.Object, java.lang.Object, java.lang.Object, java.lang.Object, java.lang.Object)'> (0x00000006c075bad8) 
thrown [src/hotspot/share/interpreter/linkResolver.cpp, line 790]
Event: 0,138 Thread 0x000000013681f000 Exception <a 'java/lang/NoSuchMethodError'{0x00000006c07660c8}: 'java.lang.Object java.lang.invoke.DirectMethodHandle$Holder.newInvokeSpecial(java.lang.Object, java.lang.Object)'> (0x00000006c07660c8) 
thrown [src/hotspot/share/interpreter/linkResolver.cpp, line 790]
Event: 0,138 Thread 0x000000013681f000 Exception <a 'java/lang/NoSuchMethodError'{0x00000006c076a308}: 'java.lang.Object java.lang.invoke.DirectMethodHandle$Holder.invokeSpecial(java.lang.Object, java.lang.Object, java.lang.Object)'> (0x00000006c076a308) 
thrown [src/hotspot/share/interpreter/linkResolver.cpp, line 790]
Event: 0,138 Thread 0x000000013681f000 Exception <a 'java/lang/NoSuchMethodError'{0x00000006c076dcb8}: 'java.lang.Object java.lang.invoke.Invokers$Holder.linkToTargetMethod(java.lang.Object, java.lang.Object)'> (0x00000006c076dcb8) 
thrown [src/hotspot/share/interpreter/linkResolver.cpp, line 790]
Event: 0,139 Thread 0x000000013681f000 Exception <a 'java/lang/ClassNotFoundException'{0x00000006c0771ab0}: sun/security/tools/keytool/spi/ResourcesProvider> (0x00000006c0771ab0) 
thrown [src/hotspot/share/classfile/systemDictionary.cpp, line 256]

Events (20 events):
Event: 0,137 loading class jdk/internal/org/objectweb/asm/ClassReader
Event: 0,138 loading class jdk/internal/org/objectweb/asm/ClassReader done
Event: 0,138 loading class java/lang/invoke/DirectMethodHandle$Constructor
Event: 0,138 loading class java/lang/invoke/DirectMethodHandle$Constructor done
Event: 0,139 loading class java/util/ResourceBundle$CacheKey
Event: 0,139 loading class java/util/ResourceBundle$CacheKey done
Event: 0,139 loading class java/util/ResourceBundle$KeyElementReference
Event: 0,139 loading class java/util/ResourceBundle$CacheKeyReference
Event: 0,139 loading class java/util/ResourceBundle$CacheKeyReference done
Event: 0,139 loading class java/util/ResourceBundle$KeyElementReference done
Event: 0,139 loading class java/util/LinkedList
Event: 0,139 loading class java/util/AbstractSequentialList
Event: 0,139 loading class java/util/AbstractSequentialList done
Event: 0,139 loading class java/util/LinkedList done
Event: 0,139 loading class java/util/LinkedList$Node
Event: 0,139 loading class java/util/LinkedList$Node done
Event: 0,139 loading class sun/util/locale/LocaleObjectCache$CacheEntry
Event: 0,139 loading class sun/util/locale/LocaleObjectCache$CacheEntry done
Event: 0,139 loading class java/util/ResourceBundle$3
Event: 0,139 loading class java/util/ResourceBundle$3 done


Dynamic libraries:
0x00000001a5de6000 	/usr/lib/libz.1.dylib
0x0000000102344000 	/Library/Java/JavaVirtualMachines/zulu-16.jdk/Contents/Home/lib/libjli.dylib
0x00000001b0311000 	/System/Library/Frameworks/Cocoa.framework/Versions/A/Cocoa
0x000000019e22a000 	/System/Library/Frameworks/Security.framework/Versions/A/Security
0x00000001ae67d000 	/System/Library/Frameworks/ApplicationServices.framework/Versions/A/ApplicationServices
0x00000001a5e8c000 	/usr/lib/libSystem.B.dylib
0x00000001a5e86000 	/usr/lib/system/libcache.dylib
0x00000001a5e45000 	/usr/lib/system/libcommonCrypto.dylib
0x00000001a5e6f000 	/usr/lib/system/libcompiler_rt.dylib
0x00000001a5e66000 	/usr/lib/system/libcopyfile.dylib
0x000000019c1a0000 	/usr/lib/system/libcorecrypto.dylib
0x000000019c240000 	/usr/lib/system/libdispatch.dylib
0x000000019c3f9000 	/usr/lib/system/libdyld.dylib
0x00000001a5e7c000 	/usr/lib/system/libkeymgr.dylib
0x00000001a92af000 	/usr/lib/system/liblaunch.dylib
0x00000001a5e27000 	/usr/lib/system/libmacho.dylib
0x00000001a5699000 	/usr/lib/system/libquarantine.dylib
0x00000001a5e79000 	/usr/lib/system/libremovefile.dylib
0x00000001a0c8a000 	/usr/lib/system/libsystem_asl.dylib
0x000000019c14e000 	/usr/lib/system/libsystem_blocks.dylib
0x000000019c2c2000 	/usr/lib/system/libsystem_c.dylib
0x00000001a5e73000 	/usr/lib/system/libsystem_collections.dylib
0x00000001a4cd3000 	/usr/lib/system/libsystem_configuration.dylib
0x00000001a4055000 	/usr/lib/system/libsystem_containermanager.dylib
0x00000001a5bfc000 	/usr/lib/system/libsystem_coreservices.dylib
0x000000019e803000 	/usr/lib/system/libsystem_darwin.dylib
0x00000001a5e7d000 	/usr/lib/system/libsystem_dnssd.dylib
0x000000019c2bf000 	/usr/lib/system/libsystem_featureflags.dylib
0x000000019c442000 	/usr/lib/system/libsystem_info.dylib
0x00000001a5df8000 	/usr/lib/system/libsystem_m.dylib
0x000000019c214000 	/usr/lib/system/libsystem_malloc.dylib
0x00000001a0c25000 	/usr/lib/system/libsystem_networkextension.dylib
0x000000019ec46000 	/usr/lib/system/libsystem_notify.dylib
0x00000001ab761000 	/usr/lib/system/libsystem_product_info_filter.dylib
0x00000001a4cd8000 	/usr/lib/system/libsystem_sandbox.dylib
0x00000001a5e76000 	/usr/lib/system/libsystem_secinit.dylib
0x000000019c3b8000 	/usr/lib/system/libsystem_kernel.dylib
0x000000019c43b000 	/usr/lib/system/libsystem_platform.dylib
0x000000019c3ec000 	/usr/lib/system/libsystem_pthread.dylib
0x00000001a21fa000 	/usr/lib/system/libsystem_symptoms.dylib
0x000000019c188000 	/usr/lib/system/libsystem_trace.dylib
0x00000001a5e53000 	/usr/lib/system/libunwind.dylib
0x000000019c150000 	/usr/lib/system/libxpc.dylib
0x000000019c3a0000 	/usr/lib/libc++abi.dylib
0x000000019c285000 	/usr/lib/libobjc.A.dylib
0x00000001a5e5e000 	/usr/lib/liboah.dylib
0x000000019c344000 	/usr/lib/libc++.1.dylib
0x000000019c46e000 	/System/Library/Frameworks/CoreFoundation.framework/Versions/A/CoreFoundation
0x000000019d236000 	/System/Library/Frameworks/Foundation.framework/Versions/C/Foundation
0x000000019eca0000 	/System/Library/Frameworks/AppKit.framework/Versions/C/AppKit
0x00000001a1ac3000 	/System/Library/Frameworks/CoreData.framework/Versions/A/CoreData
0x000000019f9e2000 	/System/Library/PrivateFrameworks/UIFoundation.framework/Versions/A/UIFoundation
0x00000001ab4f3000 	/System/Library/PrivateFrameworks/RemoteViewServices.framework/Versions/A/RemoteViewServices
0x00000001a4706000 	/System/Library/PrivateFrameworks/XCTTargetBootstrap.framework/Versions/A/XCTTargetBootstrap
0x00000001a7046000 	/usr/lib/libspindump.dylib
0x000000019fc09000 	/System/Library/Frameworks/UniformTypeIdentifiers.framework/Versions/A/UniformTypeIdentifiers
0x00000001a2cee000 	/usr/lib/libapp_launch_measurement.dylib
0x00000001a2cf1000 	/System/Library/PrivateFrameworks/CoreAutoLayout.framework/Versions/A/CoreAutoLayout
0x00000001a4083000 	/System/Library/Frameworks/Metal.framework/Versions/A/Metal
0x00000001a4ce3000 	/usr/lib/liblangid.dylib
0x00000001a470a000 	/System/Library/PrivateFrameworks/CoreSVG.framework/Versions/A/CoreSVG
0x00000001a0cbc000 	/System/Library/PrivateFrameworks/SkyLight.framework/Versions/A/SkyLight
0x00000001a102a000 	/System/Library/Frameworks/CoreGraphics.framework/Versions/A/CoreGraphics
0x00000001aba13000 	/System/Library/Frameworks/Accelerate.framework/Versions/A/Accelerate
0x00000001a6aa0000 	/System/Library/PrivateFrameworks/IconServices.framework/Versions/A/IconServices
0x00000001a4067000 	/System/Library/Frameworks/IOSurface.framework/Versions/A/IOSurface
0x00000001a2392000 	/usr/lib/libDiagnosticMessagesClient.dylib
0x00000001a46ee000 	/System/Library/PrivateFrameworks/DFRFoundation.framework/Versions/A/DFRFoundation
0x000000019e591000 	/usr/lib/libicucore.A.dylib
0x00000001a8599000 	/System/Library/Frameworks/AudioToolbox.framework/Versions/A/AudioToolbox
0x00000001a77ac000 	/System/Library/PrivateFrameworks/DataDetectorsCore.framework/Versions/A/DataDetectorsCore
0x00000001a0c37000 	/usr/lib/libMobileGestalt.dylib
0x00000001a43e3000 	/System/Library/Frameworks/Carbon.framework/Versions/A/Frameworks/HIToolbox.framework/Versions/A/HIToolbox
0x00000001a278d000 	/System/Library/Frameworks/QuartzCore.framework/Versions/A/QuartzCore
0x00000001ab52b000 	/System/Library/Frameworks/Carbon.framework/Versions/A/Frameworks/SpeechRecognition.framework/Versions/A/SpeechRecognition
0x00000001a2a8c000 	/System/Library/PrivateFrameworks/CoreUI.framework/Versions/A/CoreUI
0x000000019dc0f000 	/System/Library/Frameworks/CoreAudio.framework/Versions/A/CoreAudio
0x00000001a247b000 	/System/Library/Frameworks/DiskArbitration.framework/Versions/A/DiskArbitration
0x00000001a73f9000 	/System/Library/PrivateFrameworks/MultitouchSupport.framework/Versions/A/MultitouchSupport
0x00000001a77a3000 	/System/Library/PrivateFrameworks/InternationalSupport.framework/Versions/A/InternationalSupport
0x00000001a0c35000 	/usr/lib/libenergytrace.dylib
0x000000019eb7a000 	/System/Library/Frameworks/IOKit.framework/Versions/A/IOKit
0x00000001ab856000 	/System/Library/Frameworks/CoreServices.framework/Versions/A/CoreServices
0x00000001a2c84000 	/System/Library/PrivateFrameworks/PerformanceAnalysis.framework/Versions/A/PerformanceAnalysis
0x00000001de4af000 	/System/Library/Frameworks/OpenGL.framework/Versions/A/OpenGL
0x00000001a7821000 	/System/Library/PrivateFrameworks/UserActivity.framework/Versions/A/UserActivity
0x00000001a1618000 	/System/Library/Frameworks/ColorSync.framework/Versions/A/ColorSync
0x00000001a4955000 	/System/Library/Frameworks/CoreImage.framework/Versions/A/CoreImage
0x000000019da3f000 	/System/Library/Frameworks/CoreText.framework/Versions/A/CoreText
0x00000001a4735000 	/System/Library/Frameworks/ImageIO.framework/Versions/A/ImageIO
0x00000001a5e92000 	/System/Library/PrivateFrameworks/SoftLinking.framework/Versions/A/SoftLinking
0x00000001a2d34000 	/usr/lib/libxml2.2.dylib
0x00000001a6112000 	/usr/lib/libcompression.dylib
0x00000001a76ef000 	/System/Library/PrivateFrameworks/TextureIO.framework/Versions/A/TextureIO
0x00000001a67fd000 	/usr/lib/libate.dylib
0x00000001a6646000 	/usr/lib/liblzma.5.dylib
0x000000019cf4b000 	/System/Library/Frameworks/SystemConfiguration.framework/Versions/A/SystemConfiguration
0x00000001a5e8e000 	/usr/lib/libfakelink.dylib
0x00000001a079c000 	/System/Library/Frameworks/CFNetwork.framework/Versions/A/CFNetwork
0x00000001a5fd8000 	/usr/lib/libarchive.2.dylib
0x000000019cfd3000 	/usr/lib/libCRFSuite.dylib
0x00000001a56c3000 	/usr/lib/libbsm.0.dylib
0x00000001a0053000 	/usr/lib/libnetwork.dylib
0x00000001a5e93000 	/usr/lib/libpcap.A.dylib
0x00000001a21f2000 	/usr/lib/libdns_services.dylib
0x00000001a665f000 	/usr/lib/libcoretls_cfhelpers.dylib
0x00000001a60e1000 	/usr/lib/libapple_nghttp2.dylib
0x00000001a5e2d000 	/usr/lib/system/libkxld.dylib
0x00000001a1e83000 	/usr/lib/libsqlite3.dylib
0x00000001a5bdf000 	/System/Library/PrivateFrameworks/AppleFSCompression.framework/Versions/A/AppleFSCompression
0x00000001a56ac000 	/usr/lib/libcoretls.dylib
0x00000001a610d000 	/usr/lib/libpam.2.dylib
0x00000001a6746000 	/usr/lib/libxar.1.dylib
0x00000001a4cdf000 	/System/Library/PrivateFrameworks/AppleSystemInfo.framework/Versions/A/AppleSystemInfo
0x00000001a52fc000 	/System/Library/PrivateFrameworks/IOMobileFramebuffer.framework/Versions/A/IOMobileFramebuffer
0x00000001a5bef000 	/usr/lib/libbz2.1.0.dylib
0x00000001a5ecf000 	/usr/lib/libiconv.2.dylib
0x00000001a5e26000 	/usr/lib/libcharset.1.dylib
0x00000001a2cbd000 	/System/Library/Frameworks/CoreServices.framework/Versions/A/Frameworks/FSEvents.framework/Versions/A/FSEvents
0x000000019e80e000 	/System/Library/Frameworks/CoreServices.framework/Versions/A/Frameworks/CarbonCore.framework/Versions/A/CarbonCore
0x00000001a23e1000 	/System/Library/Frameworks/CoreServices.framework/Versions/A/Frameworks/Metadata.framework/Versions/A/Metadata
0x00000001a5c01000 	/System/Library/Frameworks/CoreServices.framework/Versions/A/Frameworks/OSServices.framework/Versions/A/OSServices
0x00000001a6049000 	/System/Library/Frameworks/CoreServices.framework/Versions/A/Frameworks/SearchKit.framework/Versions/A/SearchKit
0x00000001a217e000 	/System/Library/Frameworks/CoreServices.framework/Versions/A/Frameworks/AE.framework/Versions/A/AE
0x000000019c91d000 	/System/Library/Frameworks/CoreServices.framework/Versions/A/Frameworks/LaunchServices.framework/Versions/A/LaunchServices
0x00000001a65f3000 	/System/Library/Frameworks/CoreServices.framework/Versions/A/Frameworks/DictionaryServices.framework/Versions/A/DictionaryServices
0x00000001a2cca000 	/System/Library/Frameworks/CoreServices.framework/Versions/A/Frameworks/SharedFileList.framework/Versions/A/SharedFileList
0x00000001a569c000 	/usr/lib/libCheckFix.dylib
0x00000001a0ca2000 	/System/Library/PrivateFrameworks/TCC.framework/Versions/A/TCC
0x00000001a4ce5000 	/System/Library/PrivateFrameworks/CoreNLP.framework/Versions/A/CoreNLP
0x00000001a2395000 	/System/Library/PrivateFrameworks/MetadataUtilities.framework/Versions/A/MetadataUtilities
0x000000019d007000 	/usr/lib/libmecabra.dylib
0x00000001a5982000 	/System/Library/Frameworks/MLCompute.framework/Versions/A/MLCompute
0x00000001a56d4000 	/usr/lib/libmecab.dylib
0x00000001a571a000 	/usr/lib/libgermantok.dylib
0x00000001a60ba000 	/usr/lib/libThaiTokenizer.dylib
0x00000001a6782000 	/usr/lib/libChineseTokenizer.dylib
0x00000001a610b000 	/System/Library/Frameworks/MetalPerformanceShaders.framework/Versions/A/MetalPerformanceShaders
0x00000001a2482000 	/System/Library/Frameworks/Accelerate.framework/Versions/A/Frameworks/vImage.framework/Versions/A/vImage
0x00000001ab834000 	/System/Library/Frameworks/Accelerate.framework/Versions/A/Frameworks/vecLib.framework/Versions/A/vecLib
0x00000001a678d000 	/System/Library/Frameworks/Accelerate.framework/Versions/A/Frameworks/vecLib.framework/Versions/A/libvMisc.dylib
0x00000001a523a000 	/System/Library/Frameworks/Accelerate.framework/Versions/A/Frameworks/vecLib.framework/Versions/A/libvDSP.dylib
0x000000019cc31000 	/System/Library/Frameworks/Accelerate.framework/Versions/A/Frameworks/vecLib.framework/Versions/A/libBLAS.dylib
0x00000001a6136000 	/System/Library/Frameworks/Accelerate.framework/Versions/A/Frameworks/vecLib.framework/Versions/A/libLAPACK.dylib
0x00000001a571f000 	/System/Library/Frameworks/Accelerate.framework/Versions/A/Frameworks/vecLib.framework/Versions/A/libLinearAlgebra.dylib
0x00000001a60f8000 	/System/Library/Frameworks/Accelerate.framework/Versions/A/Frameworks/vecLib.framework/Versions/A/libSparseBLAS.dylib
0x00000001a6131000 	/System/Library/Frameworks/Accelerate.framework/Versions/A/Frameworks/vecLib.framework/Versions/A/libQuadrature.dylib
0x00000001a4d7b000 	/System/Library/Frameworks/Accelerate.framework/Versions/A/Frameworks/vecLib.framework/Versions/A/libBNNS.dylib
0x000000019cee7000 	/System/Library/Frameworks/Accelerate.framework/Versions/A/Frameworks/vecLib.framework/Versions/A/libSparse.dylib
0x00000001a4c6e000 	/System/Library/Frameworks/MetalPerformanceShaders.framework/Versions/A/Frameworks/MPSCore.framework/Versions/A/MPSCore
0x00000001a5b57000 	/System/Library/Frameworks/MetalPerformanceShaders.framework/Versions/A/Frameworks/MPSImage.framework/Versions/A/MPSImage
0x00000001a5734000 	/System/Library/Frameworks/MetalPerformanceShaders.framework/Versions/A/Frameworks/MPSNeuralNetwork.framework/Versions/A/MPSNeuralNetwork
0x00000001a5ad5000 	/System/Library/Frameworks/MetalPerformanceShaders.framework/Versions/A/Frameworks/MPSMatrix.framework/Versions/A/MPSMatrix
0x00000001a5938000 	/System/Library/Frameworks/MetalPerformanceShaders.framework/Versions/A/Frameworks/MPSRayIntersector.framework/Versions/A/MPSRayIntersector
0x00000001a5b04000 	/System/Library/Frameworks/MetalPerformanceShaders.framework/Versions/A/Frameworks/MPSNDArray.framework/Versions/A/MPSNDArray
0x000000019cb56000 	/System/Library/PrivateFrameworks/MetalTools.framework/Versions/A/MetalTools
0x00000001a4cdd000 	/System/Library/PrivateFrameworks/AggregateDictionary.framework/Versions/A/AggregateDictionary
0x00000001a235f000 	/System/Library/PrivateFrameworks/CoreAnalytics.framework/Versions/A/CoreAnalytics
0x00000001a60bc000 	/System/Library/PrivateFrameworks/AppleSauce.framework/Versions/A/AppleSauce
0x00000001a4079000 	/System/Library/PrivateFrameworks/IOAccelerator.framework/Versions/A/IOAccelerator
0x00000001de4a2000 	/System/Library/Frameworks/OpenGL.framework/Versions/A/Libraries/libCoreFSCache.dylib
0x000000019d5c3000 	/System/Library/PrivateFrameworks/LanguageModeling.framework/Versions/A/LanguageModeling
0x00000001a52e9000 	/System/Library/PrivateFrameworks/CoreEmoji.framework/Versions/A/CoreEmoji
0x00000001a4d73000 	/System/Library/PrivateFrameworks/LinguisticData.framework/Versions/A/LinguisticData
0x000000019ce9c000 	/System/Library/PrivateFrameworks/Lexicon.framework/Versions/A/Lexicon
0x00000001a5fc5000 	/usr/lib/libcmph.dylib
0x00000001a2c9d000 	/System/Library/Frameworks/OpenDirectory.framework/Versions/A/Frameworks/CFOpenDirectory.framework/Versions/A/CFOpenDirectory
0x00000001a2c8f000 	/System/Library/Frameworks/OpenDirectory.framework/Versions/A/OpenDirectory
0x00000001a6661000 	/System/Library/PrivateFrameworks/APFS.framework/Versions/A/APFS
0x00000001a5605000 	/System/Library/Frameworks/SecurityFoundation.framework/Versions/A/SecurityFoundation
0x00000001a6754000 	/usr/lib/libutil.dylib
0x000000019eb3e000 	/System/Library/PrivateFrameworks/CoreServicesStore.framework/Versions/A/CoreServicesStore
0x00000001a5693000 	/System/Library/Frameworks/ServiceManagement.framework/Versions/A/ServiceManagement
0x00000001a6758000 	/usr/lib/libxslt.1.dylib
0x00000001a5689000 	/System/Library/PrivateFrameworks/BackgroundTaskManagement.framework/Versions/A/BackgroundTaskManagement
0x00000001a763e000 	/System/Library/Frameworks/ImageIO.framework/Versions/A/Resources/libRadiance.dylib
0x00000001a7647000 	/System/Library/Frameworks/ImageIO.framework/Versions/A/Resources/libJPEG.dylib
0x00000001a7596000 	/System/Library/Frameworks/ImageIO.framework/Versions/A/Resources/libPng.dylib
0x00000001a75bd000 	/System/Library/Frameworks/ImageIO.framework/Versions/A/Resources/libTIFF.dylib
0x00000001a7698000 	/System/Library/Frameworks/ImageIO.framework/Versions/A/Resources/libGIF.dylib
0x00000001a7313000 	/System/Library/Frameworks/ImageIO.framework/Versions/A/Resources/libJP2.dylib
0x00000001a6a6a000 	/usr/lib/libexpat.1.dylib
0x00000001a72cf000 	/System/Library/PrivateFrameworks/AppleJPEG.framework/Versions/A/AppleJPEG
0x00000001a428a000 	/System/Library/PrivateFrameworks/FontServices.framework/libFontParser.dylib
0x00000001a2130000 	/System/Library/PrivateFrameworks/RunningBoardServices.framework/Versions/A/RunningBoardServices
0x00000001b0848000 	/System/Library/PrivateFrameworks/IOSurfaceAccelerator.framework/Versions/A/IOSurfaceAccelerator
0x00000001a73f5000 	/System/Library/PrivateFrameworks/WatchdogClient.framework/Versions/A/WatchdogClient
0x000000019d6b3000 	/System/Library/Frameworks/CoreDisplay.framework/Versions/A/CoreDisplay
0x00000001a4192000 	/System/Library/Frameworks/CoreMedia.framework/Versions/A/CoreMedia
0x00000001a2e21000 	/System/Library/Frameworks/CoreVideo.framework/Versions/A/CoreVideo
0x00000001a7432000 	/System/Library/Frameworks/VideoToolbox.framework/Versions/A/VideoToolbox
0x00000001a20ad000 	/System/Library/PrivateFrameworks/BaseBoard.framework/Versions/A/BaseBoard
0x00000001a6ba7000 	/System/Library/PrivateFrameworks/PersistentConnection.framework/Versions/A/PersistentConnection
0x00000001a1e6c000 	/System/Library/PrivateFrameworks/ProtocolBuffer.framework/Versions/A/ProtocolBuffer
0x00000001a2096000 	/System/Library/PrivateFrameworks/CommonUtilities.framework/Versions/A/CommonUtilities
0x00000001a7294000 	/System/Library/PrivateFrameworks/Bom.framework/Versions/A/Bom
0x00000001a7639000 	/System/Library/PrivateFrameworks/GPUWrangler.framework/Versions/A/GPUWrangler
0x00000001a761a000 	/System/Library/PrivateFrameworks/IOPresentment.framework/Versions/A/IOPresentment
0x00000001a7641000 	/System/Library/PrivateFrameworks/DSExternalDisplay.framework/Versions/A/DSExternalDisplay
0x00000001a769d000 	/System/Library/PrivateFrameworks/CMCaptureCore.framework/Versions/A/CMCaptureCore
0x00000001a702f000 	/System/Library/PrivateFrameworks/AppServerSupport.framework/Versions/A/AppServerSupport
0x00000001a9069000 	/System/Library/PrivateFrameworks/perfdata.framework/Versions/A/perfdata
0x00000001a55f5000 	/System/Library/PrivateFrameworks/AssertionServices.framework/Versions/A/AssertionServices
0x000000019d7d6000 	/System/Library/PrivateFrameworks/AudioToolboxCore.framework/Versions/A/AudioToolboxCore
0x00000001a4172000 	/System/Library/PrivateFrameworks/caulk.framework/Versions/A/caulk
0x00000001b7e95000 	/System/Library/PrivateFrameworks/SystemPolicy.framework/Versions/A/SystemPolicy
0x00000001a688f000 	/usr/lib/libIOReport.dylib
0x00000001a8905000 	/usr/lib/libSMC.dylib
0x00000001a7563000 	/usr/lib/libAudioToolboxUtility.dylib
0x00000001b8822000 	/usr/lib/libmis.dylib
0x00000001de504000 	/System/Library/Frameworks/OpenGL.framework/Versions/A/Libraries/libGLU.dylib
0x00000001de4c2000 	/System/Library/Frameworks/OpenGL.framework/Versions/A/Libraries/libGFXShared.dylib
0x00000001de6aa000 	/System/Library/Frameworks/OpenGL.framework/Versions/A/Libraries/libGL.dylib
0x00000001de4cb000 	/System/Library/Frameworks/OpenGL.framework/Versions/A/Libraries/libGLImage.dylib
0x00000001de4bf000 	/System/Library/Frameworks/OpenGL.framework/Versions/A/Libraries/libCVMSPluginSupport.dylib
0x00000001de4a9000 	/System/Library/Frameworks/OpenGL.framework/Versions/A/Libraries/libCoreVMClient.dylib
0x00000001af382000 	/System/Library/PrivateFrameworks/ASEProcessing.framework/Versions/A/ASEProcessing
0x00000001a6bce000 	/System/Library/PrivateFrameworks/GraphVisualizer.framework/Versions/A/GraphVisualizer
0x00000001a6bdc000 	/System/Library/PrivateFrameworks/FaceCore.framework/Versions/A/FaceCore
0x00000001a6fef000 	/System/Library/PrivateFrameworks/OTSVG.framework/Versions/A/OTSVG
0x00000001a2a4a000 	/System/Library/Frameworks/ApplicationServices.framework/Versions/A/Frameworks/ATS.framework/Versions/A/Resources/libFontRegistry.dylib
0x00000001a7037000 	/System/Library/PrivateFrameworks/FontServices.framework/libhvf.dylib
0x00000001de845000 	/System/Library/Frameworks/OpenCL.framework/Versions/A/OpenCL
0x00000001a6a1e000 	/System/Library/PrivateFrameworks/AppleVA.framework/Versions/A/AppleVA
0x00000001a8751000 	/System/Library/Frameworks/ApplicationServices.framework/Versions/A/Frameworks/ATS.framework/Versions/A/ATS
0x00000001a8a64000 	/System/Library/Frameworks/ApplicationServices.framework/Versions/A/Frameworks/ColorSyncLegacy.framework/Versions/A/ColorSyncLegacy
0x00000001a170e000 	/System/Library/Frameworks/ApplicationServices.framework/Versions/A/Frameworks/HIServices.framework/Versions/A/HIServices
0x00000001a8a43000 	/System/Library/Frameworks/ApplicationServices.framework/Versions/A/Frameworks/LangAnalysis.framework/Versions/A/LangAnalysis
0x00000001a76a7000 	/System/Library/Frameworks/ApplicationServices.framework/Versions/A/Frameworks/PrintCore.framework/Versions/A/PrintCore
0x00000001a8a6c000 	/System/Library/Frameworks/ApplicationServices.framework/Versions/A/Frameworks/QD.framework/Versions/A/QD
0x00000001a873d000 	/System/Library/Frameworks/ApplicationServices.framework/Versions/A/Frameworks/SpeechSynthesis.framework/Versions/A/SpeechSynthesis
0x00000001a7668000 	/System/Library/Frameworks/ApplicationServices.framework/Versions/A/Frameworks/ATSUI.framework/Versions/A/ATSUI
0x00000001a89e5000 	/usr/lib/libcups.2.dylib
0x00000001a8a57000 	/System/Library/PrivateFrameworks/NetAuth.framework/Versions/A/NetAuth
0x00000001a9083000 	/System/Library/Frameworks/Kerberos.framework/Versions/A/Kerberos
0x00000001a9094000 	/System/Library/Frameworks/GSS.framework/Versions/A/GSS
0x00000001a87c0000 	/usr/lib/libresolv.9.dylib
0x00000001a704d000 	/System/Library/PrivateFrameworks/Heimdal.framework/Versions/A/Heimdal
0x00000001ae96d000 	/System/Library/Frameworks/Kerberos.framework/Versions/A/Libraries/libHeimdalProxy.dylib
0x00000001a2202000 	/System/Library/Frameworks/Network.framework/Versions/A/Network
0x00000001a6a84000 	/usr/lib/libheimdal-asn1.dylib
0x00000001a90dc000 	/System/Library/PrivateFrameworks/CommonAuth.framework/Versions/A/CommonAuth
0x00000001a2e75000 	/System/Library/PrivateFrameworks/login.framework/Versions/A/Frameworks/loginsupport.framework/Versions/A/loginsupport
0x00000001a86c2000 	/System/Library/PrivateFrameworks/AudioSession.framework/Versions/A/AudioSession
0x00000001a872a000 	/usr/lib/libAudioStatistics.dylib
0x00000001a6b04000 	/System/Library/PrivateFrameworks/MediaExperience.framework/Versions/A/MediaExperience
0x00000001a8563000 	/System/Library/PrivateFrameworks/AudioSession.framework/libSessionUtility.dylib
0x00000001a9075000 	/usr/lib/libperfcheck.dylib
0x00000001a8a78000 	/System/Library/PrivateFrameworks/AudioResourceArbitration.framework/Versions/A/AudioResourceArbitration
0x00000001a6a8d000 	/System/Library/PrivateFrameworks/IconFoundation.framework/Versions/A/IconFoundation
0x00000001ab51b000 	/System/Library/PrivateFrameworks/SpeechRecognitionCore.framework/Versions/A/SpeechRecognitionCore
0x0000000106800000 	/Library/Java/JavaVirtualMachines/zulu-16.jdk/Contents/Home/lib/server/libjvm.dylib
0x0000000102390000 	/Library/Java/JavaVirtualMachines/zulu-16.jdk/Contents/Home/lib/libjimage.dylib
0x00000001023f4000 	/Library/Java/JavaVirtualMachines/zulu-16.jdk/Contents/Home/lib/libjava.dylib


VM Arguments:
jvm_args: -Dapplication.home=/Library/Java/JavaVirtualMachines/zulu-16.jdk/Contents/Home -Xms8m -Djdk.module.main=java.base 
java_command: java.base/sun.security.tools.keytool.Main -genkey -v -keystore /Users/julienlebren/upload-keystore.jks -keyalg RSA -keysize 2048 -validity 10000 -alias upload
java_class_path (initial): <not set>
Launcher Type: SUN_STANDARD

[Global flags]
     intx CICompilerCount                          = 4                                         {product} {ergonomic}
     uint ConcGCThreads                            = 2                                         {product} {ergonomic}
     uint G1ConcRefinementThreads                  = 8                                         {product} {ergonomic}
   size_t G1HeapRegionSize                         = 2097152                                   {product} {ergonomic}
    uintx GCDrainStackTargetSize                   = 64                                        {product} {ergonomic}
   size_t InitialHeapSize                          = 8388608                                   {product} {command line}
   size_t MarkStackSize                            = 4194304                                   {product} {ergonomic}
   size_t MaxHeapSize                              = 4294967296                                {product} {ergonomic}
   size_t MaxNewSize                               = 2575302656                                {product} {ergonomic}
   size_t MinHeapDeltaBytes                        = 2097152                                   {product} {ergonomic}
   size_t MinHeapSize                              = 8388608                                   {product} {command line}
    uintx NonNMethodCodeHeapSize                   = 5839564                                {pd product} {ergonomic}
    uintx NonProfiledCodeHeapSize                  = 122909338                              {pd product} {ergonomic}
    uintx ProfiledCodeHeapSize                     = 122909338                              {pd product} {ergonomic}
    uintx ReservedCodeCacheSize                    = 251658240                              {pd product} {ergonomic}
     bool SegmentedCodeCache                       = true                                      {product} {ergonomic}
   size_t SoftMaxHeapSize                          = 4294967296                             {manageable} {ergonomic}
     bool UseCompressedClassPointers               = true                           {product lp64_product} {ergonomic}
     bool UseCompressedOops                        = true                           {product lp64_product} {ergonomic}
     bool UseG1GC                                  = true                                      {product} {ergonomic}
     bool UseNUMA                                  = false                                     {product} {ergonomic}
     bool UseNUMAInterleaving                      = false                                     {product} {ergonomic}

Logging:
Log output configuration:
 #0: stdout all=warning uptime,level,tags
 #1: stderr all=off uptime,level,tags

Environment Variables:
PATH=/Users/julienlebren/.nvm/versions/node/v15.14.0/bin:/Users/julienlebren/npm-global/bin:/Users/julienlebren/.npm-packages/bin:/usr/local/share/npm/bin:/usr/local/bin:/usr/bin:/bin:/usr/sbin:/sbin:/Library/Apple/usr/bin:/Users/julienlebren/.nvm/versions/node/v15.14.0/bin:/Users/julienlebren/npm-global/bin:/Users/julienlebren/.npm-packages/bin:/usr/local/share/npm/bin:/opt/homebrew/bin:/opt/homebrew/sbin:/Users/julienlebren/library/flutter/bin:/Users/julienlebren/library/flutter/bin
SHELL=/bin/zsh
LANG=fr_FR.UTF-8

Signal Handlers:
SIGSEGV: [libjvm.dylib+0x9ace24], sa_mask[0]=11100110000111110111111111111111, sa_flags=SA_ONSTACK|SA_RESTART|SA_SIGINFO
SIGBUS: [libjvm.dylib+0x9ace24], sa_mask[0]=11100110000111110111111111111111, sa_flags=SA_RESTART|SA_SIGINFO
SIGFPE: [libjvm.dylib+0x9ace24], sa_mask[0]=11100110000111110111111111111111, sa_flags=SA_RESTART|SA_SIGINFO
SIGPIPE: [libjvm.dylib+0x896640], sa_mask[0]=11100110000111110111111111111111, sa_flags=SA_RESTART|SA_SIGINFO
SIGXFSZ: [libjvm.dylib+0x896640], sa_mask[0]=11100110000111110111111111111111, sa_flags=SA_RESTART|SA_SIGINFO
SIGILL: [libjvm.dylib+0x9ace24], sa_mask[0]=11100110000111110111111111111111, sa_flags=SA_RESTART|SA_SIGINFO
SIGUSR2: [libjvm.dylib+0x897078], sa_mask[0]=00000000000000000000000000000000, sa_flags=SA_RESTART|SA_SIGINFO
SIGHUP: [libjvm.dylib+0x8956f0], sa_mask[0]=11100110000111110111111111111111, sa_flags=SA_RESTART|SA_SIGINFO
SIGINT: [libjvm.dylib+0x8956f0], sa_mask[0]=11100110000111110111111111111111, sa_flags=SA_RESTART|SA_SIGINFO
SIGTERM: [libjvm.dylib+0x8956f0], sa_mask[0]=11100110000111110111111111111111, sa_flags=SA_RESTART|SA_SIGINFO
SIGQUIT: [libjvm.dylib+0x8956f0], sa_mask[0]=11100110000111110111111111111111, sa_flags=SA_RESTART|SA_SIGINFO
SIGTRAP: [libjvm.dylib+0x9ace24], sa_mask[0]=11100110000111110111111111111111, sa_flags=SA_RESTART|SA_SIGINFO


---------------  S Y S T E M  ---------------

OS:uname: Darwin 20.6.0 Darwin Kernel Version 20.6.0: Wed Jun 23 00:26:27 PDT 2021; root:xnu-7195.141.2~5/RELEASE_ARM64_T8101 arm64
OS uptime: 3 days 15:58 hours
rlimit (soft/hard): STACK 8176k/65520k , CORE 0k/infinity , NPROC 2666/4000 , NOFILE 10240/infinity , AS infinity/infinity , CPU infinity/infinity , DATA infinity/infinity , FSIZE infinity/infinity , MEMLOCK infinity/infinity , RSS infinity/infinity
load average: 1,87 2,94 3,21

CPU: total 8 (initial active 8) 0x61:0x0:0x1b588bb3:0, simd, crc, lse

Memory: 16k page, physical 16777216k(106240k free), swap 4194304k(838144k free)

vm_info: OpenJDK 64-Bit Server VM (16+36) for bsd-aarch64 JRE (16+36) (Zulu16.28+11-CA), built on Mar  9 2021 03:14:09 by "zulu_re" with clang Apple LLVM 12.0.0 (clang-1200.0.32.28)

END.
